<?xml version="1.0" encoding="UTF-8"?>
<!-- Generated by org.testng.reporters.JUnitReportReporter -->
<testsuite hostname="appus-HP-Pavilion-g6-Notebook-PC" failures="0" tests="1" name="com.simplogics.testcases.Loginpage" time="17.934" errors="0" timestamp="21 Mar 2021 05:30:42 GMT" skipped="0">
  <testcase classname="com.simplogics.testcases.Loginpage" name="loginpage" time="17.934"/>
</testsuite> <!-- com.simplogics.testcases.Loginpage -->
