<?xml version="1.0" encoding="UTF-8"?>
<!-- Generated by org.testng.reporters.JUnitReportReporter -->
<testsuite hostname="appus-HP-Pavilion-g6-Notebook-PC" failures="0" tests="1" name="com.simplogics.testcases.UserClearSession" time="6.700" errors="0" timestamp="21 Mar 2021 05:30:42 GMT" skipped="0">
  <testcase classname="com.simplogics.testcases.UserClearSession" name="userClearSession" time="6.700"/>
</testsuite> <!-- com.simplogics.testcases.UserClearSession -->
